    OpenRGB v0.9
    Commit: b5f46e3f1de03595656c682fc2f068b66e735e63 from 2023-07-09 22:51:47 -0500
    Launched: 20250326_113239
====================================================================================================

0     |Info:    Found file: lightsout.orp attempting to validate header
0     |Info:    Valid v4 profile found for lightsout
9     |Info:    ------------------------------------------------------
9     |Info:    |               Start device detection               |
9     |Info:    ------------------------------------------------------
9     |Info:    Initializing HID interfaces: Success
22    |Info:    ------------------------------------------------------
22    |Info:    |             Detecting I2C interfaces               |
22    |Info:    ------------------------------------------------------
22    |Info:    Registering I2C interface: /dev/i2c-3 Device 10DE:2206 Subsystem: 1458:403F
22    |Info:    Registering I2C interface: /dev/i2c-1 Device 10DE:2206 Subsystem: 1458:403F
22    |Info:    Registering I2C interface: /dev/i2c-8 Device 1022:790B Subsystem: 1458:5001
22    |Info:    Registering I2C interface: /dev/i2c-6 Device 1022:790B Subsystem: 1458:5001
22    |Info:    Registering I2C interface: /dev/i2c-4 Device 10DE:2206 Subsystem: 1458:403F
22    |Info:    Registering I2C interface: /dev/i2c-2 Device 10DE:2206 Subsystem: 1458:403F
22    |Info:    Registering I2C interface: /dev/i2c-0 Device 10DE:2206 Subsystem: 1458:403F
22    |Info:    Registering I2C interface: /dev/i2c-7 Device 1022:790B Subsystem: 1458:5001
22    |Info:    Registering I2C interface: /dev/i2c-5 Device 10DE:2206 Subsystem: 1458:403F
22    |Info:    ------------------------------------------------------
22    |Info:    |               Detecting I2C devices                |
22    |Info:    ------------------------------------------------------
1064  |Info:    [ENE DRAM] Registering RGB controller
1204  |Info:    [ENE DRAM] Registering RGB controller
1306  |Info:    ------------------------------------------------------
1306  |Info:    |               Detecting I2C PCI devices            |
1306  |Info:    ------------------------------------------------------
1408  |Info:    [Gigabyte RTX3080 Gaming OC 10G] Registering RGB controller
1670  |Info:    ------------------------------------------------------
1670  |Info:    |               Detecting HID devices                |
1670  |Info:    ------------------------------------------------------
1845  |Info:    [B550 AORUS ELITE V2] Registering RGB controller
1845  |Info:    ------------------------------------------------------
1845  |Info:    |            Detecting libusb HID devices            |
1845  |Info:    ------------------------------------------------------
1845  |Info:    ------------------------------------------------------
1845  |Info:    |              Detecting other devices               |
1845  |Info:    ------------------------------------------------------
1855  |Info:    ------------------------------------------------------
1855  |Info:    |                Detection completed                 |
1855  |Info:    ------------------------------------------------------
1855  |Info:    Profile loading: Succeeded for ENE DRAM @ I2C: /dev/i2c-6, address 0x72
1855  |Info:    Profile loading: Succeeded for ENE DRAM @ I2C: /dev/i2c-6, address 0x73
1855  |Info:    Profile loading: Succeeded for Gigabyte RTX3080 Gaming OC 10G @ I2C: /dev/i2c-0, address 0x62
1855  |Info:    Profile loading: Succeeded for B550 AORUS ELITE V2 @ HID: /dev/hidraw6
